Determining if the Q_WS_WIN exist failed with the following output:
Change Dir: /net/cremi/tmaunier/espaces/travail/M2/Projet_logiciel/cours2/TP1/build/CMakeFiles/CMakeTmp

Run Build Command:"/usr/bin/make" "cmTC_950b0/fast"
/usr/bin/make -f CMakeFiles/cmTC_950b0.dir/build.make CMakeFiles/cmTC_950b0.dir/build
make[1] : on entre dans le répertoire « /autofs/netapp/travail/tmaunier/M2/Projet_logiciel/cours2/TP1/build/CMakeFiles/CMakeTmp »
Building CXX object CMakeFiles/cmTC_950b0.dir/CheckSymbolExists.cxx.o
/usr/bin/c++    -I/usr/include/qt4   -o CMakeFiles/cmTC_950b0.dir/CheckSymbolExists.cxx.o -c /net/cremi/tmaunier/espaces/travail/M2/Projet_logiciel/cours2/TP1/build/CMakeFiles/CMakeTmp/CheckSymbolExists.cxx
/net/cremi/tmaunier/espaces/travail/M2/Projet_logiciel/cours2/TP1/build/CMakeFiles/CMakeTmp/CheckSymbolExists.cxx: In function ‘int main(int, char**)’:
/net/cremi/tmaunier/espaces/travail/M2/Projet_logiciel/cours2/TP1/build/CMakeFiles/CMakeTmp/CheckSymbolExists.cxx:8:19: error: ‘Q_WS_WIN’ was not declared in this scope
   return ((int*)(&Q_WS_WIN))[argc];
                   ^~~~~~~~
CMakeFiles/cmTC_950b0.dir/build.make:65 : la recette pour la cible « CMakeFiles/cmTC_950b0.dir/CheckSymbolExists.cxx.o » a échouée
make[1]: *** [CMakeFiles/cmTC_950b0.dir/CheckSymbolExists.cxx.o] Erreur 1
make[1] : on quitte le répertoire « /autofs/netapp/travail/tmaunier/M2/Projet_logiciel/cours2/TP1/build/CMakeFiles/CMakeTmp »
Makefile:126 : la recette pour la cible « cmTC_950b0/fast » a échouée
make: *** [cmTC_950b0/fast] Erreur 2

File /net/cremi/tmaunier/espaces/travail/M2/Projet_logiciel/cours2/TP1/build/CMakeFiles/CMakeTmp/CheckSymbolExists.cxx:
/* */
#include <QtCore/qglobal.h>

int main(int argc, char** argv)
{
  (void)argv;
#ifndef Q_WS_WIN
  return ((int*)(&Q_WS_WIN))[argc];
#else
  (void)argc;
  return 0;
#endif
}

Determining if the Q_WS_QWS exist failed with the following output:
Change Dir: /net/cremi/tmaunier/espaces/travail/M2/Projet_logiciel/cours2/TP1/build/CMakeFiles/CMakeTmp

Run Build Command:"/usr/bin/make" "cmTC_ad6e1/fast"
/usr/bin/make -f CMakeFiles/cmTC_ad6e1.dir/build.make CMakeFiles/cmTC_ad6e1.dir/build
make[1] : on entre dans le répertoire « /autofs/netapp/travail/tmaunier/M2/Projet_logiciel/cours2/TP1/build/CMakeFiles/CMakeTmp »
Building CXX object CMakeFiles/cmTC_ad6e1.dir/CheckSymbolExists.cxx.o
/usr/bin/c++    -I/usr/include/qt4   -o CMakeFiles/cmTC_ad6e1.dir/CheckSymbolExists.cxx.o -c /net/cremi/tmaunier/espaces/travail/M2/Projet_logiciel/cours2/TP1/build/CMakeFiles/CMakeTmp/CheckSymbolExists.cxx
/net/cremi/tmaunier/espaces/travail/M2/Projet_logiciel/cours2/TP1/build/CMakeFiles/CMakeTmp/CheckSymbolExists.cxx: In function ‘int main(int, char**)’:
/net/cremi/tmaunier/espaces/travail/M2/Projet_logiciel/cours2/TP1/build/CMakeFiles/CMakeTmp/CheckSymbolExists.cxx:8:19: error: ‘Q_WS_QWS’ was not declared in this scope
   return ((int*)(&Q_WS_QWS))[argc];
                   ^~~~~~~~
CMakeFiles/cmTC_ad6e1.dir/build.make:65 : la recette pour la cible « CMakeFiles/cmTC_ad6e1.dir/CheckSymbolExists.cxx.o » a échouée
make[1]: *** [CMakeFiles/cmTC_ad6e1.dir/CheckSymbolExists.cxx.o] Erreur 1
make[1] : on quitte le répertoire « /autofs/netapp/travail/tmaunier/M2/Projet_logiciel/cours2/TP1/build/CMakeFiles/CMakeTmp »
Makefile:126 : la recette pour la cible « cmTC_ad6e1/fast » a échouée
make: *** [cmTC_ad6e1/fast] Erreur 2

File /net/cremi/tmaunier/espaces/travail/M2/Projet_logiciel/cours2/TP1/build/CMakeFiles/CMakeTmp/CheckSymbolExists.cxx:
/* */
#include <QtCore/qglobal.h>

int main(int argc, char** argv)
{
  (void)argv;
#ifndef Q_WS_QWS
  return ((int*)(&Q_WS_QWS))[argc];
#else
  (void)argc;
  return 0;
#endif
}

Determining if the Q_WS_MAC exist failed with the following output:
Change Dir: /net/cremi/tmaunier/espaces/travail/M2/Projet_logiciel/cours2/TP1/build/CMakeFiles/CMakeTmp

Run Build Command:"/usr/bin/make" "cmTC_b96f5/fast"
/usr/bin/make -f CMakeFiles/cmTC_b96f5.dir/build.make CMakeFiles/cmTC_b96f5.dir/build
make[1] : on entre dans le répertoire « /autofs/netapp/travail/tmaunier/M2/Projet_logiciel/cours2/TP1/build/CMakeFiles/CMakeTmp »
Building CXX object CMakeFiles/cmTC_b96f5.dir/CheckSymbolExists.cxx.o
/usr/bin/c++    -I/usr/include/qt4   -o CMakeFiles/cmTC_b96f5.dir/CheckSymbolExists.cxx.o -c /net/cremi/tmaunier/espaces/travail/M2/Projet_logiciel/cours2/TP1/build/CMakeFiles/CMakeTmp/CheckSymbolExists.cxx
/net/cremi/tmaunier/espaces/travail/M2/Projet_logiciel/cours2/TP1/build/CMakeFiles/CMakeTmp/CheckSymbolExists.cxx: In function ‘int main(int, char**)’:
/net/cremi/tmaunier/espaces/travail/M2/Projet_logiciel/cours2/TP1/build/CMakeFiles/CMakeTmp/CheckSymbolExists.cxx:8:19: error: ‘Q_WS_MAC’ was not declared in this scope
   return ((int*)(&Q_WS_MAC))[argc];
                   ^~~~~~~~
CMakeFiles/cmTC_b96f5.dir/build.make:65 : la recette pour la cible « CMakeFiles/cmTC_b96f5.dir/CheckSymbolExists.cxx.o » a échouée
make[1]: *** [CMakeFiles/cmTC_b96f5.dir/CheckSymbolExists.cxx.o] Erreur 1
make[1] : on quitte le répertoire « /autofs/netapp/travail/tmaunier/M2/Projet_logiciel/cours2/TP1/build/CMakeFiles/CMakeTmp »
Makefile:126 : la recette pour la cible « cmTC_b96f5/fast » a échouée
make: *** [cmTC_b96f5/fast] Erreur 2

File /net/cremi/tmaunier/espaces/travail/M2/Projet_logiciel/cours2/TP1/build/CMakeFiles/CMakeTmp/CheckSymbolExists.cxx:
/* */
#include <QtCore/qglobal.h>

int main(int argc, char** argv)
{
  (void)argv;
#ifndef Q_WS_MAC
  return ((int*)(&Q_WS_MAC))[argc];
#else
  (void)argc;
  return 0;
#endif
}

